#
# There is insufficient memory for the Java Runtime Environment to continue.
# Native memory allocation (malloc) failed to allocate 32744 bytes for ChunkPool::allocate
# Possible reasons:
#   The system is out of physical RAM or swap space
#   In 32 bit mode, the process size limit was hit
# Possible solutions:
#   Reduce memory load on the system
#   Increase physical memory or swap space
#   Check if swap backing store is full
#   Use 64 bit Java on a 64 bit OS
#   Decrease Java heap size (-Xmx/-Xms)
#   Decrease number of Java threads
#   Decrease Java thread stack sizes (-Xss)
#   Set larger code cache with -XX:ReservedCodeCacheSize=
# This output file may be truncated or incomplete.
#
#  Out of Memory Error (allocation.cpp:273), pid=9000, tid=0x0000000000002804
#
# JRE version: Java(TM) SE Runtime Environment (8.0_131-b11) (build 1.8.0_131-b11)
# Java VM: Java HotSpot(TM) 64-Bit Server VM (25.131-b11 mixed mode windows-amd64 compressed oops)
# Failed to write core dump. Minidumps are not enabled by default on client versions of Windows
#

---------------  T H R E A D  ---------------

Current thread (0x0000000014ca0800):  JavaThread "C2 CompilerThread1" daemon [_thread_in_native, id=10244, stack(0x00000000163d0000,0x00000000164d0000)]

Stack: [0x00000000163d0000,0x00000000164d0000]
[error occurred during error reporting (printing stack bounds), id 0xc0000005]

Native frames: (J=compiled Java code, j=interpreted, Vv=VM code, C=native code)


Current CompileTask:
C2:   4652 1828   !   4       java.net.URLClassLoader$1::run (63 bytes)


---------------  P R O C E S S  ---------------

Java Threads: ( => current thread )
  0x00000000165f8800 JavaThread "Service Thread" daemon [_thread_blocked, id=9200, stack(0x00000000169d0000,0x0000000016ad0000)]
  0x0000000014ca7000 JavaThread "C1 CompilerThread2" daemon [_thread_blocked, id=2120, stack(0x00000000164d0000,0x00000000165d0000)]
=>0x0000000014ca0800 JavaThread "C2 CompilerThread1" daemon [_thread_in_native, id=10244, stack(0x00000000163d0000,0x00000000164d0000)]
  0x0000000014cab800 JavaThread "C2 CompilerThread0" daemon [_thread_in_native, id=11132, stack(0x00000000162d0000,0x00000000163d0000)]
  0x0000000014caa000 JavaThread "Attach Listener" daemon [_thread_blocked, id=7852, stack(0x00000000161d0000,0x00000000162d0000)]
  0x0000000014ca9000 JavaThread "Signal Dispatcher" daemon [_thread_blocked, id=11040, stack(0x00000000160d0000,0x00000000161d0000)]
  0x0000000014c88800 JavaThread "Finalizer" daemon [_thread_blocked, id=10440, stack(0x0000000015ef0000,0x0000000015ff0000)]
  0x0000000002694000 JavaThread "Reference Handler" daemon [_thread_blocked, id=9144, stack(0x0000000015df0000,0x0000000015ef0000)]
  0x00000000025a2800 JavaThread "main" [_thread_in_native, id=9976, stack(0x00000000023d0000,0x00000000024d0000)]

Other Threads:
  0x0000000014c67800 VMThread [stack: 0x0000000015cf0000,0x0000000015df0000] [id=7496]
  0x00000000165fc800 WatcherThread [stack: 0x0000000016ad0000,0x0000000016bd0000] [id=2888]

VM state:not at safepoint (normal execution)

VM Mutex/Monitor currently owned by a thread: None

Heap:
 PSYoungGen      total 35328K, used 3197K [0x00000000eb200000, 0x00000000f0000000, 0x0000000100000000)
  eden space 32768K, 2% used [0x00000000eb200000,0x00000000eb2a76f8,0x00000000ed200000)
  from space 2560K, 98% used [0x00000000ed200000,0x00000000ed478020,0x00000000ed480000)
  to   space 7168K, 0% used [0x00000000ef900000,0x00000000ef900000,0x00000000f0000000)
 ParOldGen       total 44032K, used 9483K [0x00000000c1600000, 0x00000000c4100000, 0x00000000eb200000)
  object space 44032K, 21% used [0x00000000c1600000,0x00000000c1f42fa8,0x00000000c4100000)
 Metaspace       used 14942K, capacity 15170K, committed 15488K, reserved 1062912K
  class space    used 1825K, capacity 1907K, committed 1920K, reserved 1048576K

Card table byte_map: [0x0000000011a60000,0x0000000011c60000] byte_map_base: 0x0000000011455000

Marking Bits: (ParMarkBitMap*) 0x00000000604ac720
 Begin Bits: [0x00000000121b0000, 0x0000000013158000)
 End Bits:   [0x0000000013158000, 0x0000000014100000)

Polling page: 0x0000000002390000

CodeCache: size=245760Kb used=6995Kb max_used=6995Kb free=238764Kb
 bounds [0x00000000026a0000, 0x0000000002d80000, 0x00000000116a0000]
 total_blobs=2417 nmethods=2072 adapters=257
 compilation: enabled

Compilation events (10 events):
Event: 4.304 Thread 0x0000000014ca7000 2080       1       org.eclipse.aether.resolution.ArtifactResult::getRepository (5 bytes)
Event: 4.304 Thread 0x0000000014ca7000 nmethod 2080 0x0000000002d72c90 code [0x0000000002d72de0, 0x0000000002d72ef0]
Event: 4.318 Thread 0x0000000014ca7000 2081       3       org.apache.maven.model.io.xpp3.MavenXpp3Reader::parseDependency (468 bytes)
Event: 4.326 Thread 0x0000000014ca7000 nmethod 2081 0x0000000002d72f50 code [0x0000000002d735e0, 0x0000000002d76d48]
Event: 4.326 Thread 0x0000000014ca7000 2082       1       org.apache.maven.model.building.ModelData::getRawModel (5 bytes)
Event: 4.326 Thread 0x0000000014ca7000 nmethod 2082 0x0000000002d79490 code [0x0000000002d795e0, 0x0000000002d796f0]
Event: 4.397 Thread 0x0000000014ca7000 2083   !   3       java.io.FileInputStream::close (62 bytes)
Event: 4.400 Thread 0x0000000014ca7000 nmethod 2083 0x0000000002d79750 code [0x0000000002d798e0, 0x0000000002d79f58]
Event: 4.405 Thread 0x0000000014ca7000 2084       1       org.eclipse.aether.resolution.VersionRangeRequest::getArtifact (5 bytes)
Event: 4.405 Thread 0x0000000014ca7000 nmethod 2084 0x0000000002d7a150 code [0x0000000002d7a2a0, 0x0000000002d7a3b0]

GC Heap History (10 events):
Event: 0.926 GC heap before
{Heap before GC invocations=1 (full 0):
 PSYoungGen      total 18944K, used 16384K [0x00000000eb200000, 0x00000000ec700000, 0x0000000100000000)
  eden space 16384K, 100% used [0x00000000eb200000,0x00000000ec200000,0x00000000ec200000)
  from space 2560K, 0% used [0x00000000ec480000,0x00000000ec480000,0x00000000ec700000)
  to   space 2560K, 0% used [0x00000000ec200000,0x00000000ec200000,0x00000000ec480000)
 ParOldGen       total 44032K, used 0K [0x00000000c1600000, 0x00000000c4100000, 0x00000000eb200000)
  object space 44032K, 0% used [0x00000000c1600000,0x00000000c1600000,0x00000000c4100000)
 Metaspace       used 6722K, capacity 6844K, committed 7040K, reserved 1056768K
  class space    used 786K, capacity 856K, committed 896K, reserved 1048576K
Event: 0.932 GC heap after
Heap after GC invocations=1 (full 0):
 PSYoungGen      total 18944K, used 2554K [0x00000000eb200000, 0x00000000ec700000, 0x0000000100000000)
  eden space 16384K, 0% used [0x00000000eb200000,0x00000000eb200000,0x00000000ec200000)
  from space 2560K, 99% used [0x00000000ec200000,0x00000000ec47ea98,0x00000000ec480000)
  to   space 2560K, 0% used [0x00000000ec480000,0x00000000ec480000,0x00000000ec700000)
 ParOldGen       total 44032K, used 785K [0x00000000c1600000, 0x00000000c4100000, 0x00000000eb200000)
  object space 44032K, 1% used [0x00000000c1600000,0x00000000c16c4438,0x00000000c4100000)
 Metaspace       used 6722K, capacity 6844K, committed 7040K, reserved 1056768K
  class space    used 786K, capacity 856K, committed 896K, reserved 1048576K
}
Event: 1.434 GC heap before
{Heap before GC invocations=2 (full 0):
 PSYoungGen      total 18944K, used 18938K [0x00000000eb200000, 0x00000000ec700000, 0x0000000100000000)
  eden space 16384K, 100% used [0x00000000eb200000,0x00000000ec200000,0x00000000ec200000)
  from space 2560K, 99% used [0x00000000ec200000,0x00000000ec47ea98,0x00000000ec480000)
  to   space 2560K, 0% used [0x00000000ec480000,0x00000000ec480000,0x00000000ec700000)
 ParOldGen       total 44032K, used 785K [0x00000000c1600000, 0x00000000c4100000, 0x00000000eb200000)
  object space 44032K, 1% used [0x00000000c1600000,0x00000000c16c4438,0x00000000c4100000)
 Metaspace       used 8004K, capacity 8188K, committed 8320K, reserved 1056768K
  class space    used 995K, capacity 1048K, committed 1152K, reserved 1048576K
Event: 1.439 GC heap after
Heap after GC invocations=2 (full 0):
 PSYoungGen      total 18944K, used 2541K [0x00000000eb200000, 0x00000000ec700000, 0x0000000100000000)
  eden space 16384K, 0% used [0x00000000eb200000,0x00000000eb200000,0x00000000ec200000)
  from space 2560K, 99% used [0x00000000ec480000,0x00000000ec6fb570,0x00000000ec700000)
  to   space 2560K, 0% used [0x00000000ec200000,0x00000000ec200000,0x00000000ec480000)
 ParOldGen       total 44032K, used 1043K [0x00000000c1600000, 0x00000000c4100000, 0x00000000eb200000)
  object space 44032K, 2% used [0x00000000c1600000,0x00000000c1704f08,0x00000000c4100000)
 Metaspace       used 8004K, capacity 8188K, committed 8320K, reserved 1056768K
  class space    used 995K, capacity 1048K, committed 1152K, reserved 1048576K
}
Event: 1.814 GC heap before
{Heap before GC invocations=3 (full 0):
 PSYoungGen      total 18944K, used 18925K [0x00000000eb200000, 0x00000000ec700000, 0x0000000100000000)
  eden space 16384K, 100% used [0x00000000eb200000,0x00000000ec200000,0x00000000ec200000)
  from space 2560K, 99% used [0x00000000ec480000,0x00000000ec6fb570,0x00000000ec700000)
  to   space 2560K, 0% used [0x00000000ec200000,0x00000000ec200000,0x00000000ec480000)
 ParOldGen       total 44032K, used 1043K [0x00000000c1600000, 0x00000000c4100000, 0x00000000eb200000)
  object space 44032K, 2% used [0x00000000c1600000,0x00000000c1704f08,0x00000000c4100000)
 Metaspace       used 9894K, capacity 10046K, committed 10368K, reserved 1058816K
  class space    used 1218K, capacity 1283K, committed 1408K, reserved 1048576K
Event: 1.821 GC heap after
Heap after GC invocations=3 (full 0):
 PSYoungGen      total 18944K, used 2543K [0x00000000eb200000, 0x00000000ed700000, 0x0000000100000000)
  eden space 16384K, 0% used [0x00000000eb200000,0x00000000eb200000,0x00000000ec200000)
  from space 2560K, 99% used [0x00000000ec200000,0x00000000ec47bfa0,0x00000000ec480000)
  to   space 2560K, 0% used [0x00000000ed480000,0x00000000ed480000,0x00000000ed700000)
 ParOldGen       total 44032K, used 2907K [0x00000000c1600000, 0x00000000c4100000, 0x00000000eb200000)
  object space 44032K, 6% used [0x00000000c1600000,0x00000000c18d6e10,0x00000000c4100000)
 Metaspace       used 9894K, capacity 10046K, committed 10368K, reserved 1058816K
  class space    used 1218K, capacity 1283K, committed 1408K, reserved 1048576K
}
Event: 2.209 GC heap before
{Heap before GC invocations=4 (full 0):
 PSYoungGen      total 18944K, used 18927K [0x00000000eb200000, 0x00000000ed700000, 0x0000000100000000)
  eden space 16384K, 100% used [0x00000000eb200000,0x00000000ec200000,0x00000000ec200000)
  from space 2560K, 99% used [0x00000000ec200000,0x00000000ec47bfa0,0x00000000ec480000)
  to   space 2560K, 0% used [0x00000000ed480000,0x00000000ed480000,0x00000000ed700000)
 ParOldGen       total 44032K, used 2907K [0x00000000c1600000, 0x00000000c4100000, 0x00000000eb200000)
  object space 44032K, 6% used [0x00000000c1600000,0x00000000c18d6e10,0x00000000c4100000)
 Metaspace       used 11806K, capacity 11950K, committed 12160K, reserved 1060864K
  class space    used 1484K, capacity 1573K, committed 1664K, reserved 1048576K
Event: 2.221 GC heap after
Heap after GC invocations=4 (full 0):
 PSYoungGen      total 35328K, used 2544K [0x00000000eb200000, 0x00000000ed700000, 0x0000000100000000)
  eden space 32768K, 0% used [0x00000000eb200000,0x00000000eb200000,0x00000000ed200000)
  from space 2560K, 99% used [0x00000000ed480000,0x00000000ed6fc010,0x00000000ed700000)
  to   space 2560K, 0% used [0x00000000ed200000,0x00000000ed200000,0x00000000ed480000)
 ParOldGen       total 44032K, used 5331K [0x00000000c1600000, 0x00000000c4100000, 0x00000000eb200000)
  object space 44032K, 12% used [0x00000000c1600000,0x00000000c1b34f60,0x00000000c4100000)
 Metaspace       used 11806K, capacity 11950K, committed 12160K, reserved 1060864K
  class space    used 1484K, capacity 1573K, committed 1664K, reserved 1048576K
}
Event: 4.334 GC heap before
{Heap before GC invocations=5 (full 0):
 PSYoungGen      total 35328K, used 35312K [0x00000000eb200000, 0x00000000ed700000, 0x0000000100000000)
  eden space 32768K, 100% used [0x00000000eb200000,0x00000000ed200000,0x00000000ed200000)
  from space 2560K, 99% used [0x00000000ed480000,0x00000000ed6fc010,0x00000000ed700000)
  to   space 2560K, 0% used [0x00000000ed200000,0x00000000ed200000,0x00000000ed480000)
 ParOldGen       total 44032K, used 5331K [0x00000000c1600000, 0x00000000c4100000, 0x00000000eb200000)
  object space 44032K, 12% used [0x00000000c1600000,0x00000000c1b34f60,0x00000000c4100000)
 Metaspace       used 14939K, capacity 15170K, committed 15488K, reserved 1062912K
  class space    used 1825K, capacity 1907K, committed 1920K, reserved 1048576K
Event: 4.396 GC heap after
Heap after GC invocations=5 (full 0):
 PSYoungGen      total 35328K, used 2528K [0x00000000eb200000, 0x00000000f0000000, 0x0000000100000000)
  eden space 32768K, 0% used [0x00000000eb200000,0x00000000eb200000,0x00000000ed200000)
  from space 2560K, 98% used [0x00000000ed200000,0x00000000ed478020,0x00000000ed480000)
  to   space 7168K, 0% used [0x00000000ef900000,0x00000000ef900000,0x00000000f0000000)
 ParOldGen       total 44032K, used 9483K [0x00000000c1600000, 0x00000000c4100000, 0x00000000eb200000)
  object space 44032K, 21% used [0x00000000c1600000,0x00000000c1f42fa8,0x00000000c4100000)
 Metaspace       used 14939K, capacity 15170K, committed 15488K, reserved 1062912K
  class space    used 1825K, capacity 1907K, committed 1920K, reserved 1048576K
}

Deoptimization events (10 events):
Event: 3.202 Thread 0x00000000025a2800 Uncommon trap: reason=unstable_if action=reinterpret pc=0x00000000029503e4 method=sun.nio.cs.UTF_8$Decoder.decodeArrayLoop(Ljava/nio/ByteBuffer;Ljava/nio/CharBuffer;)Ljava/nio/charset/CoderResult; @ 84
Event: 3.271 Thread 0x00000000025a2800 Uncommon trap: reason=unstable_if action=reinterpret pc=0x0000000002c42c54 method=org.codehaus.plexus.util.xml.pull.MXParser.nextImpl()I @ 1161
Event: 3.307 Thread 0x00000000025a2800 Uncommon trap: reason=unstable_if action=reinterpret pc=0x0000000002a98b3c method=java.util.HashMap.hash(Ljava/lang/Object;)I @ 1
Event: 3.307 Thread 0x00000000025a2800 Uncommon trap: reason=unstable_if action=reinterpret pc=0x00000000028e4e28 method=java.util.HashMap.hash(Ljava/lang/Object;)I @ 1
Event: 3.458 Thread 0x00000000025a2800 Uncommon trap: reason=null_check action=make_not_entrant pc=0x0000000002cafd00 method=org.apache.maven.model.io.xpp3.MavenXpp3Reader.checkFieldWithDuplicate(Lorg/codehaus/plexus/util/xml/pull/XmlPullParser;Ljava/lang/String;Ljava/lang/String;Ljava/util/Se
Event: 3.505 Thread 0x00000000025a2800 Uncommon trap: reason=unstable_if action=reinterpret pc=0x0000000002c77aa8 method=org.codehaus.plexus.util.xml.pull.MXParser.nextImpl()I @ 972
Event: 3.638 Thread 0x00000000025a2800 Uncommon trap: reason=predicate action=maybe_recompile pc=0x0000000002956c50 method=java.nio.charset.CharsetDecoder.decode(Ljava/nio/ByteBuffer;Ljava/nio/CharBuffer;Z)Ljava/nio/charset/CoderResult; @ 54
Event: 3.876 Thread 0x00000000025a2800 Uncommon trap: reason=unstable_if action=reinterpret pc=0x0000000002c8ef98 method=java.lang.String.trim()Ljava/lang/String; @ 63
Event: 3.878 Thread 0x00000000025a2800 Uncommon trap: reason=unstable_if action=reinterpret pc=0x0000000002a3e71c method=java.lang.String.regionMatches(ZILjava/lang/String;II)Z @ 25
Event: 4.181 Thread 0x00000000025a2800 Uncommon trap: reason=unstable_if action=reinterpret pc=0x0000000002a63d84 method=java.util.HashMap.getNode(ILjava/lang/Object;)Ljava/util/HashMap$Node; @ 53

Internal exceptions (10 events):
Event: 2.742 Thread 0x00000000025a2800 Implicit null exception at 0x000000000284dd1b to 0x000000000284decd
Event: 2.847 Thread 0x00000000025a2800 Exception <a 'java/lang/NullPointerException'> (0x00000000ebc0eee0) thrown at [C:\re\workspace\8-2-build-windows-amd64-cygwin\jdk8u131\8869\hotspot\src\share\vm\interpreter\linkResolver.cpp, line 1197]
Event: 2.847 Thread 0x00000000025a2800 Exception <a 'java/lang/NullPointerException'> (0x00000000ebc0f0f8) thrown at [C:\re\workspace\8-2-build-windows-amd64-cygwin\jdk8u131\8869\hotspot\src\share\vm\interpreter\linkResolver.cpp, line 1197]
Event: 2.847 Thread 0x00000000025a2800 Exception <a 'java/lang/NullPointerException'> (0x00000000ebc0f310) thrown at [C:\re\workspace\8-2-build-windows-amd64-cygwin\jdk8u131\8869\hotspot\src\share\vm\interpreter\linkResolver.cpp, line 1197]
Event: 2.849 Thread 0x00000000025a2800 Exception <a 'java/lang/NullPointerException'> (0x00000000ebc26328) thrown at [C:\re\workspace\8-2-build-windows-amd64-cygwin\jdk8u131\8869\hotspot\src\share\vm\interpreter\linkResolver.cpp, line 1197]
Event: 2.849 Thread 0x00000000025a2800 Exception <a 'java/lang/NullPointerException'> (0x00000000ebc26540) thrown at [C:\re\workspace\8-2-build-windows-amd64-cygwin\jdk8u131\8869\hotspot\src\share\vm\interpreter\linkResolver.cpp, line 1197]
Event: 2.849 Thread 0x00000000025a2800 Exception <a 'java/lang/NullPointerException'> (0x00000000ebc26758) thrown at [C:\re\workspace\8-2-build-windows-amd64-cygwin\jdk8u131\8869\hotspot\src\share\vm\interpreter\linkResolver.cpp, line 1197]
Event: 3.307 Thread 0x00000000025a2800 Implicit null exception at 0x0000000002a98955 to 0x0000000002a98b2d
Event: 3.307 Thread 0x00000000025a2800 Implicit null exception at 0x00000000028e4daf to 0x00000000028e4e19
Event: 3.458 Thread 0x00000000025a2800 Implicit null exception at 0x0000000002caeb5d to 0x0000000002cafce9

Events (10 events):
Event: 4.400 Executing VM operation: RevokeBias
Event: 4.400 Executing VM operation: RevokeBias done
Event: 4.400 Executing VM operation: RevokeBias
Event: 4.400 Executing VM operation: RevokeBias done
Event: 4.400 Executing VM operation: RevokeBias
Event: 4.400 Executing VM operation: RevokeBias done
Event: 4.400 Executing VM operation: RevokeBias
Event: 4.401 Executing VM operation: RevokeBias done
Event: 4.401 Executing VM operation: BulkRevokeBias
Event: 4.401 Executing VM operation: BulkRevokeBias done


Dynamic libraries:
0x00007ff6e35a0000 - 0x00007ff6e35d7000 	C:\Program Files\Java\jdk1.8.0_131\bin\javaw.exe
0x00007ff89d600000 - 0x00007ff89d7ad000 	C:\Windows\SYSTEM32\ntdll.dll
0x00007ff89cd50000 - 0x00007ff89ce8f000 	C:\Windows\system32\KERNEL32.DLL
0x00007ff86e140000 - 0x00007ff86e153000 	C:\Program Files\AVAST Software\Avast\aswhook.dll
0x00007ff89a930000 - 0x00007ff89aa45000 	C:\Windows\system32\KERNELBASE.dll
0x00007ff8992f0000 - 0x00007ff89937e000 	C:\Windows\system32\apphelp.dll
0x00007ff892ca0000 - 0x00007ff892cf5000 	C:\Windows\AppPatch\AppPatch64\AcGenral.DLL
0x00007ff89c5e0000 - 0x00007ff89c68a000 	C:\Windows\system32\msvcrt.dll
0x00007ff89a800000 - 0x00007ff89a82e000 	C:\Windows\system32\SspiCli.dll
0x00007ff89d470000 - 0x00007ff89d4c4000 	C:\Windows\system32\SHLWAPI.dll
0x00007ff89cf50000 - 0x00007ff89d0c7000 	C:\Windows\system32\USER32.dll
0x00007ff89c400000 - 0x00007ff89c594000 	C:\Windows\system32\ole32.dll
0x00007ff89ae40000 - 0x00007ff89c36a000 	C:\Windows\system32\SHELL32.dll
0x00007ff899cf0000 - 0x00007ff899d11000 	C:\Windows\SYSTEM32\USERENV.dll
0x00007ff89ce90000 - 0x00007ff89cf3a000 	C:\Windows\system32\ADVAPI32.dll
0x00007ff892c80000 - 0x00007ff892c9e000 	C:\Windows\SYSTEM32\MPR.dll
0x00007ff89cb50000 - 0x00007ff89cc90000 	C:\Windows\system32\RPCRT4.dll
0x00007ff89d5a0000 - 0x00007ff89d5f9000 	C:\Windows\SYSTEM32\sechost.dll
0x00007ff89c940000 - 0x00007ff89cb50000 	C:\Windows\SYSTEM32\combase.dll
0x00007ff89ac90000 - 0x00007ff89addc000 	C:\Windows\system32\GDI32.dll
0x00007ff89a730000 - 0x00007ff89a745000 	C:\Windows\SYSTEM32\profapi.dll
0x00007ff898cc0000 - 0x00007ff898d72000 	C:\Windows\SYSTEM32\SHCORE.dll
0x00007ff89c5a0000 - 0x00007ff89c5d6000 	C:\Windows\system32\IMM32.DLL
0x00007ff89d310000 - 0x00007ff89d461000 	C:\Windows\system32\MSCTF.dll
0x00007ff897f20000 - 0x00007ff89819b000 	C:\Windows\WinSxS\amd64_microsoft.windows.common-controls_6595b64144ccf1df_6.0.9600.19394_none_62486577ecb635cf\COMCTL32.dll
0x000000005fad0000 - 0x000000005fba2000 	C:\Program Files\Java\jdk1.8.0_131\jre\bin\msvcr100.dll
0x000000005fc90000 - 0x000000006052c000 	C:\Program Files\Java\jdk1.8.0_131\jre\bin\server\jvm.dll
0x00007ff892740000 - 0x00007ff892749000 	C:\Windows\SYSTEM32\WSOCK32.dll
0x00007ff8971e0000 - 0x00007ff897202000 	C:\Windows\SYSTEM32\WINMM.dll
0x00007ff894a30000 - 0x00007ff894a3a000 	C:\Windows\SYSTEM32\VERSION.dll
0x00007ff89d0e0000 - 0x00007ff89d0e7000 	C:\Windows\system32\PSAPI.DLL
0x00007ff89d0f0000 - 0x00007ff89d14a000 	C:\Windows\system32\WS2_32.dll
0x00007ff895a30000 - 0x00007ff895a5a000 	C:\Windows\SYSTEM32\WINMMBASE.dll
0x00007ff89cf40000 - 0x00007ff89cf49000 	C:\Windows\system32\NSI.dll
0x00007ff89a8e0000 - 0x00007ff89a92f000 	C:\Windows\SYSTEM32\cfgmgr32.dll
0x00007ff899570000 - 0x00007ff899598000 	C:\Windows\SYSTEM32\DEVOBJ.dll
0x000000005fc80000 - 0x000000005fc8f000 	C:\Program Files\Java\jdk1.8.0_131\jre\bin\verify.dll
0x000000005fc50000 - 0x000000005fc79000 	C:\Program Files\Java\jdk1.8.0_131\jre\bin\java.dll
0x000000005fc30000 - 0x000000005fc46000 	C:\Program Files\Java\jdk1.8.0_131\jre\bin\zip.dll
0x000000005fc10000 - 0x000000005fc2a000 	C:\Program Files\Java\jdk1.8.0_131\jre\bin\net.dll
0x00007ff899f60000 - 0x00007ff899fb9000 	C:\Windows\system32\mswsock.dll
0x000000005fbf0000 - 0x000000005fc01000 	C:\Program Files\Java\jdk1.8.0_131\jre\bin\nio.dll

VM Arguments:
jvm_args: -Dmaven.home=EMBEDDED -Dclassworlds.conf=E:\deepacorejavawork\.metadata\.plugins\org.eclipse.m2e.launching\launches\m2conf7716472732549743836.tmp -Dmaven.multiModuleProjectDirectory=E:\deepacorejavawork\MavenSecondDemoOrangeHRM -Dfile.encoding=Cp1252 
java_command: org.codehaus.plexus.classworlds.launcher.Launcher -B test
java_class_path (initial): F:\eclipse-jee-photon-R-win32-x86_64\eclipse\plugins\org.eclipse.m2e.maven.runtime_1.9.0.20180606-2035\jars\plexus-classworlds-2.5.2.jar
Launcher Type: SUN_STANDARD

Environment Variables:
JAVA_HOME=C:\Program Files (x86)\Java\jdk1.6.0_07
JRE_HOME=C:\Program Files (x86)\Java\jre1.6.0_07
PATH=C:/Program Files/Java/jdk1.8.0_131/bin/../jre/bin/server;C:/Program Files/Java/jdk1.8.0_131/bin/../jre/bin;C:/Program Files/Java/jdk1.8.0_131/bin/../jre/lib/amd64;C:\Program Files\Dell\DW WLAN Card;C:\Program Files (x86)\Intel\iCLS Client\;C:\Program Files\Intel\iCLS Client\;C:\Windows\system32;C:\Windows;C:\Windows\System32\Wbem;C:\Windows\System32\WindowsPowerShell\v1.0\;C:\Program Files\Intel\Intel(R) Management Engine Components\DAL;C:\Program Files (x86)\Intel\Intel(R) Management Engine Components\DAL;C:\Program Files\Intel\Intel(R) Management Engine Components\IPT;C:\Program Files (x86)\Intel\Intel(R) Management Engine Components\IPT;C:\Program Files\WIDCOMM\Bluetooth Software\;C:\Program Files\WIDCOMM\Bluetooth Software\syswow64;C:\Program Files (x86)\Common Files\lenovo\easyplussdk\bin;C:\Program Files\MATLAB\R2017a\runtime\win64;C:\Program Files\MATLAB\R2017a\bin;C:\Program Files\Java\jdk1.8.0_131\bin;C:\Program Files\nodejs\;C:\Program Files (x86)\Apache Software Foundation\Tomcat 8.5\bin;C:\Program Files\Git\cmd;E:\deepacorejavawork\libs;E:\deepacorejavawork\siluliImages\libs;F:\eclipse-jee-photon-R-win32-x86_64\eclipse;
USERNAME=DELL
OS=Windows_NT
PROCESSOR_IDENTIFIER=Intel64 Family 6 Model 61 Stepping 4, GenuineIntel



---------------  S Y S T E M  ---------------

OS: Windows 8.1 , 64 bit Build 9600 (6.3.9600.19719)

CPU:total 4 (initial active 4) (2 cores per cpu, 2 threads per core) family 6 model 61 stepping 4, cmov, cx8, fxsr, mmx, sse, sse2, sse3, ssse3, sse4.1, sse4.2, popcnt, avx, avx2, aes, clmul, erms, 3dnowpref, lzcnt, ht, tsc, tscinvbit, bmi1, bmi2, adx

Memory: 4k page, physical 4103848k(250100k free), swap 7249576k(5124k free)

vm_info: Java HotSpot(TM) 64-Bit Server VM (25.131-b11) for windows-amd64 JRE (1.8.0_131-b11), built on Mar 15 2017 01:23:53 by "java_re" with MS VC++ 10.0 (VS2010)

time: Fri Jul 10 00:05:25 2020
elapsed time: 4 seconds (0d 0h 0m 4s)

